[17:51:52.392] Global cache location '/Users/tkubo/Library/Caches/typescript/4.7', safe file path '/users/tkubo/.emacs.d/.cache/lsp/npm/typescript/lib/node_modules/typescript/lib/typingsafelist.json', types map path /users/tkubo/.emacs.d/.cache/lsp/npm/typescript/lib/node_modules/typescript/lib/typesmap.json
[17:51:52.392] Processing cache location '/Users/tkubo/Library/Caches/typescript/4.7'
[17:51:52.393] Trying to find '/Users/tkubo/Library/Caches/typescript/4.7/package.json'...
[17:51:52.395] Loaded content of '/Users/tkubo/Library/Caches/typescript/4.7/package.json': {"private":true,"dependencies":{"types-registry":"^0.1.629"},"devDependencies":{"@types/babel__code-frame":"^7.0.3","@types/babel__core":"^7.1.19","@types/babel__helper-plugin-utils":"^7.10.0","@types/babel__register":"^7.17.0","@types/babel__traverse":"^7.18.0","@types/bluebird":"^3.5.36","@types/body-parser":"^1.19.2","@types/cache-manager":"^4.0.0","@types/common-tags":"^1.8.1","@types/compression":"^1.7.2","@types/cookie":"^0.5.1","@types/copyfiles":"^2.4.1","@types/core-js":"^2.5.5","@types/cors":"^2.8.12","@types/css.escape":"^1.5.0","@types/debug":"^4.1.7","@types/detect-port":"^1.3.2","@types/enhanced-resolve":"^3.0.7","@types/eslint":"^8.4.5","@types/event-source-polyfill":"^1.0.0","@types/express":"^4.17.13","@types/express-http-proxy":"^1.6.3","@types/file-loader":"^5.0.1","@types/find-cache-dir":"^3.2.1","@types/fs-extra":"^9.0.13","@types/gatsbyjs__reach-router":"^1.3.0","@types/glob":"^7.2.0","@types/got":"^9.6.12","@types/http-proxy":"^1.17.9","@types/invariant":"^2.2.35","@types/is-relative":"^1.0.0","@types/istanbul-lib-coverage":"^2.0.4","@types/istanbul-lib-report":"^3.0.0","@types/lodash":"^4.14.182","@types/mdx-js__react":"^1.5.5","@types/memoizee":"^0.4.8","@types/micromatch":"^4.0.2","@types/mime":"^3.0.1","@types/multer":"^1.4.7","@types/node-fetch":"^2.6.2","@types/normalize-path":"^3.0.0","@types/parseurl":"^1.3.1","@types/physical-cpu-count":"^2.0.0","@types/platform":"^1.3.4","@types/postcss-flexbugs-fixes":"^4.2.1","@types/prompts":"^2.0.14","@types/prop-types":"^15.7.5","@types/react":"^18.0.15","@types/react-dev-utils":"^9.0.11","@types/react-dom":"^18.0.6","@types/react-helmet":"^6.1.5","@types/react-native":"^0.69.5","@types/react-refresh":"^0.14.0","@types/reactcss":"^1.2.6","@types/rimraf":"^3.0.2","@types/semver":"^7.3.10","@types/signal-exit":"^3.0.1","@types/stack-trace":"^0.0.30","@types/string-similarity":"^4.0.0","@types/tmp":"^0.2.3","@types/uuid":"^8.3.4","@types/webpack":"^5.28.0","@types/webpack-stats-plugin":"^0.3.2","@types/webpack-virtual-modules":"^0.1.1","@types/yargs-parser":"^21.0.0","@types/zipkin-javascript-opentracing":"^1.6.0"}}
[17:51:52.395] Loaded content of '/Users/tkubo/Library/Caches/typescript/4.7/package-lock.json'
[17:51:52.402] Adding entry into typings cache: 'babel__code-frame' => '/Users/tkubo/Library/Caches/typescript/4.7/node_modules/@types/babel__code-frame/index.d.ts'
[17:51:52.403] Adding entry into typings cache: 'babel__core' => '/Users/tkubo/Library/Caches/typescript/4.7/node_modules/@types/babel__core/index.d.ts'
[17:51:52.404] Adding entry into typings cache: 'babel__helper-plugin-utils' => '/Users/tkubo/Library/Caches/typescript/4.7/node_modules/@types/babel__helper-plugin-utils/index.d.ts'
[17:51:52.405] Adding entry into typings cache: 'babel__register' => '/Users/tkubo/Library/Caches/typescript/4.7/node_modules/@types/babel__register/index.d.ts'
[17:51:52.406] Adding entry into typings cache: 'babel__traverse' => '/Users/tkubo/Library/Caches/typescript/4.7/node_modules/@types/babel__traverse/index.d.ts'
[17:51:52.407] Adding entry into typings cache: 'bluebird' => '/Users/tkubo/Library/Caches/typescript/4.7/node_modules/@types/bluebird/index.d.ts'
[17:51:52.408] Adding entry into typings cache: 'body-parser' => '/Users/tkubo/Library/Caches/typescript/4.7/node_modules/@types/body-parser/index.d.ts'
[17:51:52.409] Adding entry into typings cache: 'cache-manager' => '/Users/tkubo/Library/Caches/typescript/4.7/node_modules/@types/cache-manager/index.d.ts'
[17:51:52.410] Adding entry into typings cache: 'common-tags' => '/Users/tkubo/Library/Caches/typescript/4.7/node_modules/@types/common-tags/index.d.ts'
[17:51:52.412] Adding entry into typings cache: 'compression' => '/Users/tkubo/Library/Caches/typescript/4.7/node_modules/@types/compression/index.d.ts'
[17:51:52.413] Adding entry into typings cache: 'cookie' => '/Users/tkubo/Library/Caches/typescript/4.7/node_modules/@types/cookie/index.d.ts'
[17:51:52.414] Adding entry into typings cache: 'copyfiles' => '/Users/tkubo/Library/Caches/typescript/4.7/node_modules/@types/copyfiles/index.d.ts'
[17:51:52.416] Adding entry into typings cache: 'core-js' => '/Users/tkubo/Library/Caches/typescript/4.7/node_modules/@types/core-js/index.d.ts'
[17:51:52.417] Adding entry into typings cache: 'cors' => '/Users/tkubo/Library/Caches/typescript/4.7/node_modules/@types/cors/index.d.ts'
[17:51:52.418] Adding entry into typings cache: 'css.escape' => '/Users/tkubo/Library/Caches/typescript/4.7/node_modules/@types/css.escape/index.d.ts'
[17:51:52.418] Adding entry into typings cache: 'debug' => '/Users/tkubo/Library/Caches/typescript/4.7/node_modules/@types/debug/index.d.ts'
[17:51:52.419] Adding entry into typings cache: 'detect-port' => '/Users/tkubo/Library/Caches/typescript/4.7/node_modules/@types/detect-port/index.d.ts'
[17:51:52.420] Adding entry into typings cache: 'enhanced-resolve' => '/Users/tkubo/Library/Caches/typescript/4.7/node_modules/enhanced-resolve/types.d.ts'
[17:51:52.421] Adding entry into typings cache: 'eslint' => '/Users/tkubo/Library/Caches/typescript/4.7/node_modules/@types/eslint/index.d.ts'
[17:51:52.422] Adding entry into typings cache: 'event-source-polyfill' => '/Users/tkubo/Library/Caches/typescript/4.7/node_modules/@types/event-source-polyfill/index.d.ts'
[17:51:52.423] Adding entry into typings cache: 'express' => '/Users/tkubo/Library/Caches/typescript/4.7/node_modules/@types/express/index.d.ts'
[17:51:52.424] Adding entry into typings cache: 'express-http-proxy' => '/Users/tkubo/Library/Caches/typescript/4.7/node_modules/@types/express-http-proxy/index.d.ts'
[17:51:52.424] Adding entry into typings cache: 'file-loader' => '/Users/tkubo/Library/Caches/typescript/4.7/node_modules/@types/file-loader/index.d.ts'
[17:51:52.425] Adding entry into typings cache: 'find-cache-dir' => '/Users/tkubo/Library/Caches/typescript/4.7/node_modules/@types/find-cache-dir/index.d.ts'
[17:51:52.426] Adding entry into typings cache: 'fs-extra' => '/Users/tkubo/Library/Caches/typescript/4.7/node_modules/@types/fs-extra/index.d.ts'
[17:51:52.426] Adding entry into typings cache: 'gatsbyjs__reach-router' => '/Users/tkubo/Library/Caches/typescript/4.7/node_modules/@types/gatsbyjs__reach-router/index.d.ts'
[17:51:52.427] Adding entry into typings cache: 'glob' => '/Users/tkubo/Library/Caches/typescript/4.7/node_modules/@types/glob/index.d.ts'
[17:51:52.428] Adding entry into typings cache: 'got' => '/Users/tkubo/Library/Caches/typescript/4.7/node_modules/@types/got/index.d.ts'
[17:51:52.430] Adding entry into typings cache: 'http-proxy' => '/Users/tkubo/Library/Caches/typescript/4.7/node_modules/@types/http-proxy/index.d.ts'
[17:51:52.431] Adding entry into typings cache: 'invariant' => '/Users/tkubo/Library/Caches/typescript/4.7/node_modules/@types/invariant/index.d.ts'
[17:51:52.431] Adding entry into typings cache: 'is-relative' => '/Users/tkubo/Library/Caches/typescript/4.7/node_modules/@types/is-relative/index.d.ts'
[17:51:52.432] Adding entry into typings cache: 'istanbul-lib-coverage' => '/Users/tkubo/Library/Caches/typescript/4.7/node_modules/@types/istanbul-lib-coverage/index.d.ts'
[17:51:52.432] Adding entry into typings cache: 'istanbul-lib-report' => '/Users/tkubo/Library/Caches/typescript/4.7/node_modules/@types/istanbul-lib-report/index.d.ts'
[17:51:52.433] Adding entry into typings cache: 'lodash' => '/Users/tkubo/Library/Caches/typescript/4.7/node_modules/@types/lodash/index.d.ts'
[17:51:52.433] Adding entry into typings cache: 'mdx-js__react' => '/Users/tkubo/Library/Caches/typescript/4.7/node_modules/@types/mdx-js__react/index.d.ts'
[17:51:52.434] Adding entry into typings cache: 'memoizee' => '/Users/tkubo/Library/Caches/typescript/4.7/node_modules/@types/memoizee/index.d.ts'
[17:51:52.435] Adding entry into typings cache: 'micromatch' => '/Users/tkubo/Library/Caches/typescript/4.7/node_modules/@types/micromatch/index.d.ts'
[17:51:52.435] Adding entry into typings cache: 'mime' => '/Users/tkubo/Library/Caches/typescript/4.7/node_modules/@types/mime/index.d.ts'
[17:51:52.436] Adding entry into typings cache: 'multer' => '/Users/tkubo/Library/Caches/typescript/4.7/node_modules/@types/multer/index.d.ts'
[17:51:52.437] Adding entry into typings cache: 'node-fetch' => '/Users/tkubo/Library/Caches/typescript/4.7/node_modules/@types/node-fetch/index.d.ts'
[17:51:52.438] Adding entry into typings cache: 'normalize-path' => '/Users/tkubo/Library/Caches/typescript/4.7/node_modules/@types/normalize-path/index.d.ts'
[17:51:52.439] Adding entry into typings cache: 'parseurl' => '/Users/tkubo/Library/Caches/typescript/4.7/node_modules/@types/parseurl/index.d.ts'
[17:51:52.439] Adding entry into typings cache: 'physical-cpu-count' => '/Users/tkubo/Library/Caches/typescript/4.7/node_modules/@types/physical-cpu-count/index.d.ts'
[17:51:52.440] Adding entry into typings cache: 'platform' => '/Users/tkubo/Library/Caches/typescript/4.7/node_modules/@types/platform/index.d.ts'
[17:51:52.440] Adding entry into typings cache: 'postcss-flexbugs-fixes' => '/Users/tkubo/Library/Caches/typescript/4.7/node_modules/@types/postcss-flexbugs-fixes/index.d.ts'
[17:51:52.441] Adding entry into typings cache: 'prompts' => '/Users/tkubo/Library/Caches/typescript/4.7/node_modules/@types/prompts/index.d.ts'
[17:51:52.442] Adding entry into typings cache: 'prop-types' => '/Users/tkubo/Library/Caches/typescript/4.7/node_modules/@types/prop-types/index.d.ts'
[17:51:52.443] Adding entry into typings cache: 'react' => '/Users/tkubo/Library/Caches/typescript/4.7/node_modules/@types/react/index.d.ts'
[17:51:52.443] Adding entry into typings cache: 'react-dev-utils' => '/Users/tkubo/Library/Caches/typescript/4.7/node_modules/@types/react-dev-utils/index.d.ts'
[17:51:52.444] Adding entry into typings cache: 'react-dom' => '/Users/tkubo/Library/Caches/typescript/4.7/node_modules/@types/react-dom/index.d.ts'
[17:51:52.444] Adding entry into typings cache: 'react-helmet' => '/Users/tkubo/Library/Caches/typescript/4.7/node_modules/@types/react-helmet/index.d.ts'
[17:51:52.447] Adding entry into typings cache: 'react-native' => '/Users/tkubo/Library/Caches/typescript/4.7/node_modules/@types/react-native/index.d.ts'
[17:51:52.449] Adding entry into typings cache: 'react-refresh' => '/Users/tkubo/Library/Caches/typescript/4.7/node_modules/@types/react-refresh/index.d.ts'
[17:51:52.450] Adding entry into typings cache: 'reactcss' => '/Users/tkubo/Library/Caches/typescript/4.7/node_modules/@types/reactcss/index.d.ts'
[17:51:52.450] Adding entry into typings cache: 'rimraf' => '/Users/tkubo/Library/Caches/typescript/4.7/node_modules/@types/rimraf/index.d.ts'
[17:51:52.451] Adding entry into typings cache: 'semver' => '/Users/tkubo/Library/Caches/typescript/4.7/node_modules/@types/semver/index.d.ts'
[17:51:52.451] Adding entry into typings cache: 'signal-exit' => '/Users/tkubo/Library/Caches/typescript/4.7/node_modules/@types/signal-exit/index.d.ts'
[17:51:52.452] Adding entry into typings cache: 'stack-trace' => '/Users/tkubo/Library/Caches/typescript/4.7/node_modules/@types/stack-trace/index.d.ts'
[17:51:52.453] Adding entry into typings cache: 'string-similarity' => '/Users/tkubo/Library/Caches/typescript/4.7/node_modules/@types/string-similarity/index.d.ts'
[17:51:52.453] Adding entry into typings cache: 'tmp' => '/Users/tkubo/Library/Caches/typescript/4.7/node_modules/@types/tmp/index.d.ts'
[17:51:52.454] Adding entry into typings cache: 'uuid' => '/Users/tkubo/Library/Caches/typescript/4.7/node_modules/@types/uuid/index.d.ts'
[17:51:52.456] Adding entry into typings cache: 'webpack' => '/Users/tkubo/Library/Caches/typescript/4.7/node_modules/webpack/types.d.ts'
[17:51:52.456] Adding entry into typings cache: 'webpack-stats-plugin' => '/Users/tkubo/Library/Caches/typescript/4.7/node_modules/@types/webpack-stats-plugin/index.d.ts'
[17:51:52.457] Adding entry into typings cache: 'webpack-virtual-modules' => '/Users/tkubo/Library/Caches/typescript/4.7/node_modules/@types/webpack-virtual-modules/index.d.ts'
[17:51:52.457] Adding entry into typings cache: 'yargs-parser' => '/Users/tkubo/Library/Caches/typescript/4.7/node_modules/@types/yargs-parser/index.d.ts'
[17:51:52.457] Adding entry into typings cache: 'zipkin-javascript-opentracing' => '/Users/tkubo/Library/Caches/typescript/4.7/node_modules/@types/zipkin-javascript-opentracing/index.d.ts'
[17:51:52.457] Finished processing cache location '/Users/tkubo/Library/Caches/typescript/4.7'
[17:51:52.458] Process id: 20134
[17:51:52.458] NPM location: /Users/tkubo/.nodebrew/node/v16.15.1/bin/npm (explicit '--npmLocation' not  provided)
[17:51:52.458] validateDefaultNpmLocation: false
[17:51:52.458] Npm config file: /Users/tkubo/Library/Caches/typescript/4.7/package.json
[17:51:52.458] Updating types-registry npm package...
[17:51:52.458] Exec: /Users/tkubo/.nodebrew/node/v16.15.1/bin/npm install --ignore-scripts types-registry@latest
[17:51:53.128]     Succeeded. stdout:
    
    up to date, audited 210 packages in 432ms

13 packages are looking for funding
  run `npm fund` for details

found 0 vulnerabilities

[17:51:53.128] Updated types-registry npm package
